<?xml version="1.0" encoding="UTF-8"?>
<testng-results ignored="0" total="1" passed="1" failed="0" skipped="0">
  <reporter-output>
  </reporter-output>
  <suite started-at="2024-01-25T16:11:53 BDT" name="Default suite" finished-at="2024-01-25T16:12:57 BDT" duration-ms="63860">
    <groups>
    </groups>
    <test started-at="2024-01-25T16:11:53 BDT" name="Default test" finished-at="2024-01-25T16:12:57 BDT" duration-ms="63860">
      <class name="DhoifurTravels.TechdynoBdLTD.End2EndTest">
        <test-method signature="E2ETestCase()[pri:0, instance:DhoifurTravels.TechdynoBdLTD.End2EndTest@49049a04]" started-at="2024-01-25T16:11:54 BDT" name="E2ETestCase" finished-at="2024-01-25T16:12:57 BDT" duration-ms="63742" status="PASS">
          <reporter-output>
          </reporter-output>
        </test-method> <!-- E2ETestCase -->
      </class> <!-- DhoifurTravels.TechdynoBdLTD.End2EndTest -->
    </test> <!-- Default test -->
  </suite> <!-- Default suite -->
</testng-results>
